Using pre-set license
Built from '2020.3/staging' branch; Version is '2020.3.4f1 (0abb6314276a) revision 703331'; Using compiler version '192528614'; Build Type 'Release'
OS: 'Windows 10 Pro; OS build 19042.1110; Version 2009; 64bit' Language: 'en' Physical Memory: 32650 MB
BatchMode: 1, IsHumanControllingUs: 0, StartBugReporterOnCrash: 0, Is64bit: 1, IsPro: 0

 COMMAND LINE ARGUMENTS:
C:\Users\Eran\Desktop\Unity\2020.3.4f1\Editor\Unity.exe
-adb2
-batchMode
-noUpm
-name
AssetImportWorker0
-projectPath
C:/Users/Eran/Desktop/Unity/Udemy/GardenDefender
-logFile
Logs/AssetImportWorker0.log
-srvPort
53513
Successfully changed project path to: C:/Users/Eran/Desktop/Unity/Udemy/GardenDefender
C:/Users/Eran/Desktop/Unity/Udemy/GardenDefender
Using Asset Import Pipeline V2.
Refreshing native plugins compatible for Editor in 27.89 ms, found 1 plugins.
Preloading 0 native plugins for Editor in 0.00 ms.
Initialize engine version: 2020.3.4f1 (0abb6314276a)
[Subsystems] Discovering subsystems at path C:/Users/Eran/Desktop/Unity/2020.3.4f1/Editor/Data/Resources/UnitySubsystems
[Subsystems] Discovering subsystems at path C:/Users/Eran/Desktop/Unity/Udemy/GardenDefender/Assets
GfxDevice: creating device client; threaded=0
Direct3D:
    Version:  Direct3D 11.0 [level 11.1]
    Renderer: NVIDIA GeForce GT 1030 (ID=0x1d01)
    Vendor:   
    VRAM:     1982 MB
    Driver:   30.0.14.7141
Initialize mono
Mono path[0] = 'C:/Users/Eran/Desktop/Unity/2020.3.4f1/Editor/Data/Managed'
Mono path[1] = 'C:/Users/Eran/Desktop/Unity/2020.3.4f1/Editor/Data/MonoBleedingEdge/lib/mono/unityjit'
Mono config path = 'C:/Users/Eran/Desktop/Unity/2020.3.4f1/Editor/Data/MonoBleedingEdge/etc'
Using monoOptions --debugger-agent=transport=dt_socket,embedding=1,server=y,suspend=n,address=127.0.0.1:56720
Begin MonoManager ReloadAssembly
Registering precompiled unity dll's ...
Register platform support module: C:/Users/Eran/Desktop/Unity/2020.3.4f1/Editor/Data/PlaybackEngines/WebGLSupport/UnityEditor.WebGL.Extensions.dll
Register platform support module: C:/Users/Eran/Desktop/Unity/2020.3.4f1/Editor/Data/PlaybackEngines/WindowsStandaloneSupport/UnityEditor.WindowsStandalone.Extensions.dll
Registered in 0.001661 seconds.
Native extension for WindowsStandalone target not found
Native extension for WebGL target not found
Refreshing native plugins compatible for Editor in 29.40 ms, found 1 plugins.
Preloading 0 native plugins for Editor in 0.00 ms.
Mono: successfully reloaded assembly
- Completed reload, in  1.478 seconds
Platform modules already initialized, skipping
Registering precompiled user dll's ...
Registered in 0.001032 seconds.
Begin MonoManager ReloadAssembly
Native extension for WindowsStandalone target not found
Native extension for WebGL target not found
Refreshing native plugins compatible for Editor in 31.61 ms, found 1 plugins.
Preloading 0 native plugins for Editor in 0.00 ms.
Mono: successfully reloaded assembly
- Completed reload, in  0.652 seconds
Platform modules already initialized, skipping
========================================================================
Worker process is ready to serve import requests
Launched and connected shader compiler UnityShaderCompiler.exe after 0.03 seconds
Refreshing native plugins compatible for Editor in 0.46 ms, found 1 plugins.
Preloading 0 native plugins for Editor in 0.00 ms.
Unloading 1855 Unused Serialized files (Serialized files now loaded: 0)
System memory in use before: 88.4 MB.
System memory in use after: 88.3 MB.

Unloading 25 unused Assets to reduce memory usage. Loaded Objects now: 2305.
Total: 2.232100 ms (FindLiveObjects: 0.559700 ms CreateObjectMapping: 0.100100 ms MarkObjects: 1.461200 ms  DeleteObjects: 0.110000 ms)

========================================================================
Received Import Request.
  path: Assets/Scripts/GameLostMenu.cs
  artifactKey: Guid(c30a87b658622144bac690ba1f88e1c2) Importer(815301076,1909f56bfc062723c751e8b465ee728b)
Start importing Assets/Scripts/GameLostMenu.cs using Guid(c30a87b658622144bac690ba1f88e1c2) Importer(815301076,1909f56bfc062723c751e8b465ee728b)  -> (artifact id: 'ec1344bdf1936281c4cc16ef7dfff8b7') in 0.030875 seconds
  Import took 0.034951 seconds .

========================================================================
Received Prepare
Registering precompiled user dll's ...
Registered in 0.000881 seconds.
Begin MonoManager ReloadAssembly
Native extension for WindowsStandalone target not found
Native extension for WebGL target not found
Refreshing native plugins compatible for Editor in 0.36 ms, found 1 plugins.
Preloading 0 native plugins for Editor in 0.00 ms.
Mono: successfully reloaded assembly
- Completed reload, in  0.553 seconds
Platform modules already initialized, skipping
Refreshing native plugins compatible for Editor in 0.32 ms, found 1 plugins.
Preloading 0 native plugins for Editor in 0.00 ms.
Unloading 1835 Unused Serialized files (Serialized files now loaded: 0)
System memory in use before: 86.9 MB.
System memory in use after: 86.9 MB.

Unloading 13 unused Assets to reduce memory usage. Loaded Objects now: 2309.
Total: 1.746900 ms (FindLiveObjects: 0.182500 ms CreateObjectMapping: 0.067600 ms MarkObjects: 1.420800 ms  DeleteObjects: 0.075200 ms)

========================================================================
Received Prepare
Registering precompiled user dll's ...
Registered in 0.000887 seconds.
Begin MonoManager ReloadAssembly
Native extension for WindowsStandalone target not found
Native extension for WebGL target not found
Refreshing native plugins compatible for Editor in 0.37 ms, found 1 plugins.
Preloading 0 native plugins for Editor in 0.00 ms.
Mono: successfully reloaded assembly
- Completed reload, in  0.559 seconds
Platform modules already initialized, skipping
Refreshing native plugins compatible for Editor in 0.34 ms, found 1 plugins.
Preloading 0 native plugins for Editor in 0.00 ms.
Unloading 1835 Unused Serialized files (Serialized files now loaded: 0)
System memory in use before: 86.9 MB.
System memory in use after: 86.9 MB.

Unloading 13 unused Assets to reduce memory usage. Loaded Objects now: 2313.
Total: 1.704600 ms (FindLiveObjects: 0.181600 ms CreateObjectMapping: 0.058200 ms MarkObjects: 1.380900 ms  DeleteObjects: 0.083000 ms)

========================================================================
Received Import Request.
  Time since last request: 1763.085229 seconds.
  path: Assets/Images/Glitch_Meal_Vendor_1920x1080.jpg
  artifactKey: Guid(df3e64922c02fea4b9b3e356bc7bb3fd) Importer(815301076,1909f56bfc062723c751e8b465ee728b)
Start importing Assets/Images/Glitch_Meal_Vendor_1920x1080.jpg using Guid(df3e64922c02fea4b9b3e356bc7bb3fd) Importer(815301076,1909f56bfc062723c751e8b465ee728b)  -> (artifact id: '097e069e39f478a38cfc33a41b56e57f') in 0.057416 seconds
  Import took 0.060033 seconds .

========================================================================
Received Import Request.
  Time since last request: 26.541068 seconds.
  path: Assets/Scenes/Option Menu.unity
  artifactKey: Guid(6a9dfc71cd288484f8b68de263debf00) Importer(815301076,1909f56bfc062723c751e8b465ee728b)
Start importing Assets/Scenes/Option Menu.unity using Guid(6a9dfc71cd288484f8b68de263debf00) Importer(815301076,1909f56bfc062723c751e8b465ee728b)  -> (artifact id: '2752659695b0f6b0f3e1ac5fbe90c9d7') in 0.005026 seconds
  Import took 0.007349 seconds .

========================================================================
Received Prepare
Registering precompiled user dll's ...
Registered in 0.001018 seconds.
Begin MonoManager ReloadAssembly
Native extension for WindowsStandalone target not found
Native extension for WebGL target not found
Refreshing native plugins compatible for Editor in 0.38 ms, found 1 plugins.
Preloading 0 native plugins for Editor in 0.00 ms.
Mono: successfully reloaded assembly
- Completed reload, in  0.548 seconds
Platform modules already initialized, skipping
Refreshing native plugins compatible for Editor in 0.37 ms, found 1 plugins.
Preloading 0 native plugins for Editor in 0.00 ms.
Unloading 1835 Unused Serialized files (Serialized files now loaded: 0)
System memory in use before: 90.0 MB.
System memory in use after: 90.0 MB.

Unloading 13 unused Assets to reduce memory usage. Loaded Objects now: 2323.
Total: 1.934900 ms (FindLiveObjects: 0.264800 ms CreateObjectMapping: 0.096600 ms MarkObjects: 1.491100 ms  DeleteObjects: 0.081700 ms)

========================================================================
Received Prepare
Registering precompiled user dll's ...
Registered in 0.000919 seconds.
Begin MonoManager ReloadAssembly
Native extension for WindowsStandalone target not found
Native extension for WebGL target not found
Refreshing native plugins compatible for Editor in 0.36 ms, found 1 plugins.
Preloading 0 native plugins for Editor in 0.00 ms.
Mono: successfully reloaded assembly
- Completed reload, in  0.553 seconds
Platform modules already initialized, skipping
Refreshing native plugins compatible for Editor in 0.34 ms, found 1 plugins.
Preloading 0 native plugins for Editor in 0.00 ms.
Unloading 1835 Unused Serialized files (Serialized files now loaded: 0)
System memory in use before: 90.0 MB.
System memory in use after: 90.0 MB.

Unloading 13 unused Assets to reduce memory usage. Loaded Objects now: 2327.
Total: 1.861800 ms (FindLiveObjects: 0.175600 ms CreateObjectMapping: 0.059900 ms MarkObjects: 1.524500 ms  DeleteObjects: 0.101000 ms)

========================================================================
Received Import Request.
  Time since last request: 1427.045010 seconds.
  path: Assets/Scripts/OptionMenu.cs
  artifactKey: Guid(e2452e0fdb6f2964cb7aeae746e18925) Importer(815301076,1909f56bfc062723c751e8b465ee728b)
Start importing Assets/Scripts/OptionMenu.cs using Guid(e2452e0fdb6f2964cb7aeae746e18925) Importer(815301076,1909f56bfc062723c751e8b465ee728b)  -> (artifact id: '94ffa552fd5b184abfbc626c71f893ad') in 0.008155 seconds
  Import took 0.011462 seconds .

========================================================================
Received Import Request.
  Time since last request: 0.000309 seconds.
  path: Assets/Scripts/OptionMenu.cs
  artifactKey: Guid(e2452e0fdb6f2964cb7aeae746e18925) Importer(815301076,1909f56bfc062723c751e8b465ee728b)
Start importing Assets/Scripts/OptionMenu.cs using Guid(e2452e0fdb6f2964cb7aeae746e18925) Importer(815301076,1909f56bfc062723c751e8b465ee728b)  -> (artifact id: '94ffa552fd5b184abfbc626c71f893ad') in 0.001765 seconds
  Import took 0.003920 seconds .

========================================================================
Received Prepare
Registering precompiled user dll's ...
Registered in 0.000861 seconds.
Begin MonoManager ReloadAssembly
Native extension for WindowsStandalone target not found
Native extension for WebGL target not found
Refreshing native plugins compatible for Editor in 0.39 ms, found 1 plugins.
Preloading 0 native plugins for Editor in 0.00 ms.
Mono: successfully reloaded assembly
- Completed reload, in  0.569 seconds
Platform modules already initialized, skipping
Refreshing native plugins compatible for Editor in 0.35 ms, found 1 plugins.
Preloading 0 native plugins for Editor in 0.00 ms.
Unloading 1836 Unused Serialized files (Serialized files now loaded: 0)
System memory in use before: 90.1 MB.
System memory in use after: 90.0 MB.

Unloading 13 unused Assets to reduce memory usage. Loaded Objects now: 2332.
Total: 1.655500 ms (FindLiveObjects: 0.163000 ms CreateObjectMapping: 0.044500 ms MarkObjects: 1.368700 ms  DeleteObjects: 0.078800 ms)

========================================================================
Received Prepare
Registering precompiled user dll's ...
Registered in 0.000968 seconds.
Begin MonoManager ReloadAssembly
Native extension for WindowsStandalone target not found
Native extension for WebGL target not found
Refreshing native plugins compatible for Editor in 0.38 ms, found 1 plugins.
Preloading 0 native plugins for Editor in 0.00 ms.
Mono: successfully reloaded assembly
- Completed reload, in  0.550 seconds
Platform modules already initialized, skipping
Refreshing native plugins compatible for Editor in 0.39 ms, found 1 plugins.
Preloading 0 native plugins for Editor in 0.00 ms.
Unloading 1836 Unused Serialized files (Serialized files now loaded: 0)
System memory in use before: 90.1 MB.
System memory in use after: 90.1 MB.

Unloading 13 unused Assets to reduce memory usage. Loaded Objects now: 2336.
Total: 1.801100 ms (FindLiveObjects: 0.169200 ms CreateObjectMapping: 0.062900 ms MarkObjects: 1.490300 ms  DeleteObjects: 0.078000 ms)

========================================================================
Received Import Request.
  Time since last request: 255.080264 seconds.
  path: Assets/Scripts/OptionMenu.cs
  artifactKey: Guid(e2452e0fdb6f2964cb7aeae746e18925) Importer(815301076,1909f56bfc062723c751e8b465ee728b)
Start importing Assets/Scripts/OptionMenu.cs using Guid(e2452e0fdb6f2964cb7aeae746e18925) Importer(815301076,1909f56bfc062723c751e8b465ee728b)  -> (artifact id: 'e12c3808bdcccbc191de20b262b8a6ca') in 0.003763 seconds
  Import took 0.005901 seconds .

========================================================================
Received Prepare
Registering precompiled user dll's ...
Registered in 0.000907 seconds.
Begin MonoManager ReloadAssembly
Native extension for WindowsStandalone target not found
Native extension for WebGL target not found
Refreshing native plugins compatible for Editor in 0.39 ms, found 1 plugins.
Preloading 0 native plugins for Editor in 0.00 ms.
Mono: successfully reloaded assembly
- Completed reload, in  0.545 seconds
Platform modules already initialized, skipping
Refreshing native plugins compatible for Editor in 0.36 ms, found 1 plugins.
Preloading 0 native plugins for Editor in 0.00 ms.
Unloading 1836 Unused Serialized files (Serialized files now loaded: 0)
System memory in use before: 90.1 MB.
System memory in use after: 90.1 MB.

Unloading 13 unused Assets to reduce memory usage. Loaded Objects now: 2340.
Total: 1.863400 ms (FindLiveObjects: 0.183500 ms CreateObjectMapping: 0.060100 ms MarkObjects: 1.532600 ms  DeleteObjects: 0.086600 ms)

========================================================================
Received Prepare
Registering precompiled user dll's ...
Registered in 0.000950 seconds.
Begin MonoManager ReloadAssembly
Native extension for WindowsStandalone target not found
Native extension for WebGL target not found
Refreshing native plugins compatible for Editor in 0.37 ms, found 1 plugins.
Preloading 0 native plugins for Editor in 0.00 ms.
Mono: successfully reloaded assembly
- Completed reload, in  0.555 seconds
Platform modules already initialized, skipping
Refreshing native plugins compatible for Editor in 0.34 ms, found 1 plugins.
Preloading 0 native plugins for Editor in 0.00 ms.
Unloading 1836 Unused Serialized files (Serialized files now loaded: 0)
System memory in use before: 90.1 MB.
System memory in use after: 90.1 MB.

Unloading 13 unused Assets to reduce memory usage. Loaded Objects now: 2344.
Total: 1.850100 ms (FindLiveObjects: 0.199900 ms CreateObjectMapping: 0.067300 ms MarkObjects: 1.500800 ms  DeleteObjects: 0.081400 ms)

========================================================================
Received Import Request.
  Time since last request: 260.130151 seconds.
  path: Assets/Scripts/GameStateManager.cs
  artifactKey: Guid(244c103823ab8ef4da0590db4ca7bb20) Importer(815301076,1909f56bfc062723c751e8b465ee728b)
Start importing Assets/Scripts/GameStateManager.cs using Guid(244c103823ab8ef4da0590db4ca7bb20) Importer(815301076,1909f56bfc062723c751e8b465ee728b)  -> (artifact id: '6b721233951e3e4c413a772b1c472a2f') in 0.007643 seconds
  Import took 0.010616 seconds .

========================================================================
Received Import Request.
  Time since last request: 0.000199 seconds.
  path: Assets/Scripts/GameStateManager.cs
  artifactKey: Guid(244c103823ab8ef4da0590db4ca7bb20) Importer(815301076,1909f56bfc062723c751e8b465ee728b)
Start importing Assets/Scripts/GameStateManager.cs using Guid(244c103823ab8ef4da0590db4ca7bb20) Importer(815301076,1909f56bfc062723c751e8b465ee728b)  -> (artifact id: '6b721233951e3e4c413a772b1c472a2f') in 0.001726 seconds
  Import took 0.003976 seconds .

========================================================================
Received Prepare
Registering precompiled user dll's ...
Registered in 0.000892 seconds.
Begin MonoManager ReloadAssembly
Native extension for WindowsStandalone target not found
Native extension for WebGL target not found
Refreshing native plugins compatible for Editor in 0.42 ms, found 1 plugins.
Preloading 0 native plugins for Editor in 0.00 ms.
Mono: successfully reloaded assembly
- Completed reload, in  0.555 seconds
Platform modules already initialized, skipping
Refreshing native plugins compatible for Editor in 0.35 ms, found 1 plugins.
Preloading 0 native plugins for Editor in 0.00 ms.
Unloading 1837 Unused Serialized files (Serialized files now loaded: 0)
System memory in use before: 90.1 MB.
System memory in use after: 90.1 MB.

Unloading 13 unused Assets to reduce memory usage. Loaded Objects now: 2349.
Total: 1.686400 ms (FindLiveObjects: 0.166700 ms CreateObjectMapping: 0.051100 ms MarkObjects: 1.385400 ms  DeleteObjects: 0.082400 ms)

========================================================================
Received Prepare
Registering precompiled user dll's ...
Registered in 0.000946 seconds.
Begin MonoManager ReloadAssembly
Native extension for WindowsStandalone target not found
Native extension for WebGL target not found
Refreshing native plugins compatible for Editor in 0.37 ms, found 1 plugins.
Preloading 0 native plugins for Editor in 0.00 ms.
Mono: successfully reloaded assembly
- Completed reload, in  0.547 seconds
Platform modules already initialized, skipping
Refreshing native plugins compatible for Editor in 0.33 ms, found 1 plugins.
Preloading 0 native plugins for Editor in 0.00 ms.
Unloading 1837 Unused Serialized files (Serialized files now loaded: 0)
System memory in use before: 90.1 MB.
System memory in use after: 90.1 MB.

Unloading 13 unused Assets to reduce memory usage. Loaded Objects now: 2353.
Total: 1.976600 ms (FindLiveObjects: 0.327000 ms CreateObjectMapping: 0.104400 ms MarkObjects: 1.467500 ms  DeleteObjects: 0.076800 ms)

========================================================================
Received Import Request.
  Time since last request: 846.385931 seconds.
  path: Assets/Scripts/GameStateManager.cs
  artifactKey: Guid(244c103823ab8ef4da0590db4ca7bb20) Importer(815301076,1909f56bfc062723c751e8b465ee728b)
Start importing Assets/Scripts/GameStateManager.cs using Guid(244c103823ab8ef4da0590db4ca7bb20) Importer(815301076,1909f56bfc062723c751e8b465ee728b)  -> (artifact id: 'd47fddde79a36fd6dab49b19ee9b2155') in 0.003773 seconds
  Import took 0.005944 seconds .

========================================================================
Received Import Request.
  Time since last request: 92.806635 seconds.
  path: Assets/Prefab/GameCore/CanvasGameLost.prefab
  artifactKey: Guid(ae95f31443134384e8090cc4fa846d44) Importer(815301076,1909f56bfc062723c751e8b465ee728b)
Start importing Assets/Prefab/GameCore/CanvasGameLost.prefab using Guid(ae95f31443134384e8090cc4fa846d44) Importer(815301076,1909f56bfc062723c751e8b465ee728b)  -> (artifact id: '6de33716d0f1f4f29b1ddec456fa09c2') in 0.028336 seconds
  Import took 0.031004 seconds .

========================================================================
Received Import Request.
  Time since last request: 0.000130 seconds.
  path: Assets/Prefab/GameCore/LevelController.prefab
  artifactKey: Guid(6222a25fd2e2fa14797df6bd55a4bda4) Importer(815301076,1909f56bfc062723c751e8b465ee728b)
Start importing Assets/Prefab/GameCore/LevelController.prefab using Guid(6222a25fd2e2fa14797df6bd55a4bda4) Importer(815301076,1909f56bfc062723c751e8b465ee728b)  -> (artifact id: '281dff61704ac5a377848f7517881e8a') in 0.006048 seconds
  Import took 0.008831 seconds .

========================================================================
Received Import Request.
  Time since last request: 0.000154 seconds.
  path: Assets/Prefab/GameCore/CanvasLevelComplete.prefab
  artifactKey: Guid(b5d2a179c23a9e540b18fa192f3d5a2f) Importer(815301076,1909f56bfc062723c751e8b465ee728b)
Start importing Assets/Prefab/GameCore/CanvasLevelComplete.prefab using Guid(b5d2a179c23a9e540b18fa192f3d5a2f) Importer(815301076,1909f56bfc062723c751e8b465ee728b)  -> (artifact id: 'ac2fdab54242a0915b35f8dac959c2b2') in 0.007172 seconds
  Import took 0.009631 seconds .

========================================================================
Received Prepare
Registering precompiled user dll's ...
Registered in 0.000904 seconds.
Begin MonoManager ReloadAssembly
Native extension for WindowsStandalone target not found
Native extension for WebGL target not found
Refreshing native plugins compatible for Editor in 0.43 ms, found 1 plugins.
Preloading 0 native plugins for Editor in 0.00 ms.
Mono: successfully reloaded assembly
- Completed reload, in  0.558 seconds
Platform modules already initialized, skipping
Refreshing native plugins compatible for Editor in 0.64 ms, found 1 plugins.
Preloading 0 native plugins for Editor in 0.00 ms.
Unloading 1837 Unused Serialized files (Serialized files now loaded: 0)
System memory in use before: 90.2 MB.
System memory in use after: 90.2 MB.

Unloading 14 unused Assets to reduce memory usage. Loaded Objects now: 2357.
Total: 1.760400 ms (FindLiveObjects: 0.173400 ms CreateObjectMapping: 0.046000 ms MarkObjects: 1.444900 ms  DeleteObjects: 0.095600 ms)

========================================================================
Received Prepare
Registering precompiled user dll's ...
Registered in 0.000893 seconds.
Begin MonoManager ReloadAssembly
Native extension for WindowsStandalone target not found
Native extension for WebGL target not found
Refreshing native plugins compatible for Editor in 0.39 ms, found 1 plugins.
Preloading 0 native plugins for Editor in 0.00 ms.
Mono: successfully reloaded assembly
- Completed reload, in  0.542 seconds
Platform modules already initialized, skipping
Refreshing native plugins compatible for Editor in 0.34 ms, found 1 plugins.
Preloading 0 native plugins for Editor in 0.00 ms.
Unloading 1837 Unused Serialized files (Serialized files now loaded: 0)
System memory in use before: 90.2 MB.
System memory in use after: 90.2 MB.

Unloading 13 unused Assets to reduce memory usage. Loaded Objects now: 2361.
Total: 1.627200 ms (FindLiveObjects: 0.134600 ms CreateObjectMapping: 0.041400 ms MarkObjects: 1.378700 ms  DeleteObjects: 0.072000 ms)

========================================================================
Received Import Request.
  Time since last request: 32.098372 seconds.
  path: Assets/Prefab/GameCore/GameStateManager.prefab
  artifactKey: Guid(1084ce9019295b5439bf6bec4a131acd) Importer(815301076,1909f56bfc062723c751e8b465ee728b)
Start importing Assets/Prefab/GameCore/GameStateManager.prefab using Guid(1084ce9019295b5439bf6bec4a131acd) Importer(815301076,1909f56bfc062723c751e8b465ee728b)  -> (artifact id: '1cf887a3ce99b04ad14f4bd7ac51429f') in 0.016499 seconds
  Import took 0.019179 seconds .

========================================================================
Received Import Request.
  Time since last request: 0.005128 seconds.
  path: Assets/Prefab/GameCore/GameStateManager.prefab
  artifactKey: Guid(1084ce9019295b5439bf6bec4a131acd) Importer(815301076,1909f56bfc062723c751e8b465ee728b)
Start importing Assets/Prefab/GameCore/GameStateManager.prefab using Guid(1084ce9019295b5439bf6bec4a131acd) Importer(815301076,1909f56bfc062723c751e8b465ee728b)  -> (artifact id: '1cf887a3ce99b04ad14f4bd7ac51429f') in 0.002616 seconds
  Import took 0.004892 seconds .

========================================================================
Received Import Request.
  Time since last request: 10.675640 seconds.
  path: Assets/Scenes/MainMenu.unity
  artifactKey: Guid(647d3958f97533d4398ea856b881978a) Importer(815301076,1909f56bfc062723c751e8b465ee728b)
Start importing Assets/Scenes/MainMenu.unity using Guid(647d3958f97533d4398ea856b881978a) Importer(815301076,1909f56bfc062723c751e8b465ee728b)  -> (artifact id: '5155cb7b450575eddf20bc98a635c943') in 0.005272 seconds
  Import took 0.007711 seconds .

========================================================================
Received Import Request.
  Time since last request: 212.265488 seconds.
  path: Assets/Scenes/Option Menu.unity
  artifactKey: Guid(6a9dfc71cd288484f8b68de263debf00) Importer(815301076,1909f56bfc062723c751e8b465ee728b)
Start importing Assets/Scenes/Option Menu.unity using Guid(6a9dfc71cd288484f8b68de263debf00) Importer(815301076,1909f56bfc062723c751e8b465ee728b)  -> (artifact id: 'c6078665876f8c76d64102acf1519367') in 0.001909 seconds
  Import took 0.004322 seconds .

========================================================================
Received Import Request.
  Time since last request: 0.000518 seconds.
  path: Assets/Scenes/Option Menu.unity
  artifactKey: Guid(6a9dfc71cd288484f8b68de263debf00) Importer(815301076,1909f56bfc062723c751e8b465ee728b)
Start importing Assets/Scenes/Option Menu.unity using Guid(6a9dfc71cd288484f8b68de263debf00) Importer(815301076,1909f56bfc062723c751e8b465ee728b)  -> (artifact id: 'c6078665876f8c76d64102acf1519367') in 0.001571 seconds
  Import took 0.003478 seconds .

========================================================================
Received Prepare
Registering precompiled user dll's ...
Registered in 0.000876 seconds.
Begin MonoManager ReloadAssembly
Native extension for WindowsStandalone target not found
Native extension for WebGL target not found
Refreshing native plugins compatible for Editor in 0.37 ms, found 1 plugins.
Preloading 0 native plugins for Editor in 0.00 ms.
Mono: successfully reloaded assembly
- Completed reload, in  0.553 seconds
Platform modules already initialized, skipping
Refreshing native plugins compatible for Editor in 0.33 ms, found 1 plugins.
Preloading 0 native plugins for Editor in 0.00 ms.
Unloading 1837 Unused Serialized files (Serialized files now loaded: 0)
System memory in use before: 90.3 MB.
System memory in use after: 90.2 MB.

Unloading 13 unused Assets to reduce memory usage. Loaded Objects now: 2365.
Total: 1.795200 ms (FindLiveObjects: 0.185900 ms CreateObjectMapping: 0.061600 ms MarkObjects: 1.470900 ms  DeleteObjects: 0.076200 ms)

========================================================================
Received Prepare
Registering precompiled user dll's ...
Registered in 0.001011 seconds.
Begin MonoManager ReloadAssembly
Native extension for WindowsStandalone target not found
Native extension for WebGL target not found
Refreshing native plugins compatible for Editor in 0.37 ms, found 1 plugins.
Preloading 0 native plugins for Editor in 0.00 ms.
Mono: successfully reloaded assembly
- Completed reload, in  0.536 seconds
Platform modules already initialized, skipping
Refreshing native plugins compatible for Editor in 0.34 ms, found 1 plugins.
Preloading 0 native plugins for Editor in 0.00 ms.
Unloading 1837 Unused Serialized files (Serialized files now loaded: 0)
System memory in use before: 90.3 MB.
System memory in use after: 90.3 MB.

Unloading 13 unused Assets to reduce memory usage. Loaded Objects now: 2369.
Total: 1.867400 ms (FindLiveObjects: 0.218600 ms CreateObjectMapping: 0.074300 ms MarkObjects: 1.500100 ms  DeleteObjects: 0.073800 ms)

========================================================================
Received Prepare
Registering precompiled user dll's ...
Registered in 0.001022 seconds.
Begin MonoManager ReloadAssembly
Native extension for WindowsStandalone target not found
Native extension for WebGL target not found
Refreshing native plugins compatible for Editor in 0.37 ms, found 1 plugins.
Preloading 0 native plugins for Editor in 0.00 ms.
Mono: successfully reloaded assembly
- Completed reload, in  0.552 seconds
Platform modules already initialized, skipping
Refreshing native plugins compatible for Editor in 0.34 ms, found 1 plugins.
Preloading 0 native plugins for Editor in 0.00 ms.
Unloading 1837 Unused Serialized files (Serialized files now loaded: 0)
System memory in use before: 90.3 MB.
System memory in use after: 90.3 MB.

Unloading 13 unused Assets to reduce memory usage. Loaded Objects now: 2373.
Total: 1.675600 ms (FindLiveObjects: 0.170500 ms CreateObjectMapping: 0.057000 ms MarkObjects: 1.376000 ms  DeleteObjects: 0.071100 ms)

========================================================================
Received Prepare
Registering precompiled user dll's ...
Registered in 0.000861 seconds.
Begin MonoManager ReloadAssembly
Native extension for WindowsStandalone target not found
Native extension for WebGL target not found
Refreshing native plugins compatible for Editor in 0.37 ms, found 1 plugins.
Preloading 0 native plugins for Editor in 0.00 ms.
Mono: successfully reloaded assembly
- Completed reload, in  0.540 seconds
Platform modules already initialized, skipping
Refreshing native plugins compatible for Editor in 0.34 ms, found 1 plugins.
Preloading 0 native plugins for Editor in 0.00 ms.
Unloading 1837 Unused Serialized files (Serialized files now loaded: 0)
System memory in use before: 90.3 MB.
System memory in use after: 90.3 MB.

Unloading 13 unused Assets to reduce memory usage. Loaded Objects now: 2377.
Total: 1.852700 ms (FindLiveObjects: 0.175800 ms CreateObjectMapping: 0.060000 ms MarkObjects: 1.548700 ms  DeleteObjects: 0.067900 ms)

========================================================================
Received Prepare
Registering precompiled user dll's ...
Registered in 0.000946 seconds.
Begin MonoManager ReloadAssembly
Native extension for WindowsStandalone target not found
Native extension for WebGL target not found
Refreshing native plugins compatible for Editor in 0.37 ms, found 1 plugins.
Preloading 0 native plugins for Editor in 0.00 ms.
Mono: successfully reloaded assembly
- Completed reload, in  0.543 seconds
Platform modules already initialized, skipping
Refreshing native plugins compatible for Editor in 0.33 ms, found 1 plugins.
Preloading 0 native plugins for Editor in 0.00 ms.
Unloading 1837 Unused Serialized files (Serialized files now loaded: 0)
System memory in use before: 90.3 MB.
System memory in use after: 90.3 MB.

Unloading 13 unused Assets to reduce memory usage. Loaded Objects now: 2381.
Total: 1.644300 ms (FindLiveObjects: 0.152100 ms CreateObjectMapping: 0.041600 ms MarkObjects: 1.380100 ms  DeleteObjects: 0.070000 ms)

========================================================================
Received Prepare
Registering precompiled user dll's ...
Registered in 0.000841 seconds.
Begin MonoManager ReloadAssembly
Native extension for WindowsStandalone target not found
Native extension for WebGL target not found
Refreshing native plugins compatible for Editor in 0.37 ms, found 1 plugins.
Preloading 0 native plugins for Editor in 0.00 ms.
Mono: successfully reloaded assembly
- Completed reload, in  0.548 seconds
Platform modules already initialized, skipping
Refreshing native plugins compatible for Editor in 0.33 ms, found 1 plugins.
Preloading 0 native plugins for Editor in 0.00 ms.
Unloading 1837 Unused Serialized files (Serialized files now loaded: 0)
System memory in use before: 90.3 MB.
System memory in use after: 90.3 MB.

Unloading 13 unused Assets to reduce memory usage. Loaded Objects now: 2385.
Total: 1.969600 ms (FindLiveObjects: 0.168500 ms CreateObjectMapping: 0.055100 ms MarkObjects: 1.672400 ms  DeleteObjects: 0.072900 ms)

========================================================================
Received Prepare
Registering precompiled user dll's ...
Registered in 0.000882 seconds.
Begin MonoManager ReloadAssembly
Native extension for WindowsStandalone target not found
Native extension for WebGL target not found
Refreshing native plugins compatible for Editor in 0.39 ms, found 1 plugins.
Preloading 0 native plugins for Editor in 0.00 ms.
Mono: successfully reloaded assembly
- Completed reload, in  0.557 seconds
Platform modules already initialized, skipping
Refreshing native plugins compatible for Editor in 0.35 ms, found 1 plugins.
Preloading 0 native plugins for Editor in 0.00 ms.
Unloading 1837 Unused Serialized files (Serialized files now loaded: 0)
System memory in use before: 90.3 MB.
System memory in use after: 90.3 MB.

Unloading 13 unused Assets to reduce memory usage. Loaded Objects now: 2389.
Total: 1.892900 ms (FindLiveObjects: 0.304500 ms CreateObjectMapping: 0.058700 ms MarkObjects: 1.439400 ms  DeleteObjects: 0.089400 ms)

========================================================================
Received Prepare
Registering precompiled user dll's ...
Registered in 0.000892 seconds.
Begin MonoManager ReloadAssembly
Native extension for WindowsStandalone target not found
Native extension for WebGL target not found
Refreshing native plugins compatible for Editor in 0.37 ms, found 1 plugins.
Preloading 0 native plugins for Editor in 0.00 ms.
Mono: successfully reloaded assembly
- Completed reload, in  0.540 seconds
Platform modules already initialized, skipping
Refreshing native plugins compatible for Editor in 0.33 ms, found 1 plugins.
Preloading 0 native plugins for Editor in 0.00 ms.
Unloading 1837 Unused Serialized files (Serialized files now loaded: 0)
System memory in use before: 90.3 MB.
System memory in use after: 90.3 MB.

Unloading 13 unused Assets to reduce memory usage. Loaded Objects now: 2393.
Total: 1.870400 ms (FindLiveObjects: 0.182300 ms CreateObjectMapping: 0.057600 ms MarkObjects: 1.556700 ms  DeleteObjects: 0.073200 ms)

========================================================================
Received Prepare
Registering precompiled user dll's ...
Registered in 0.000868 seconds.
Begin MonoManager ReloadAssembly
Native extension for WindowsStandalone target not found
Native extension for WebGL target not found
Refreshing native plugins compatible for Editor in 0.38 ms, found 1 plugins.
Preloading 0 native plugins for Editor in 0.00 ms.
Mono: successfully reloaded assembly
- Completed reload, in  0.560 seconds
Platform modules already initialized, skipping
Refreshing native plugins compatible for Editor in 0.59 ms, found 1 plugins.
Preloading 0 native plugins for Editor in 0.00 ms.
Unloading 1837 Unused Serialized files (Serialized files now loaded: 0)
System memory in use before: 90.3 MB.
System memory in use after: 90.3 MB.

Unloading 13 unused Assets to reduce memory usage. Loaded Objects now: 2397.
Total: 1.881000 ms (FindLiveObjects: 0.187500 ms CreateObjectMapping: 0.059900 ms MarkObjects: 1.540000 ms  DeleteObjects: 0.093000 ms)

========================================================================
Received Prepare
Registering precompiled user dll's ...
Registered in 0.000905 seconds.
Begin MonoManager ReloadAssembly
Native extension for WindowsStandalone target not found
Native extension for WebGL target not found
Refreshing native plugins compatible for Editor in 0.37 ms, found 1 plugins.
Preloading 0 native plugins for Editor in 0.00 ms.
Mono: successfully reloaded assembly
- Completed reload, in  0.534 seconds
Platform modules already initialized, skipping
Refreshing native plugins compatible for Editor in 0.36 ms, found 1 plugins.
Preloading 0 native plugins for Editor in 0.00 ms.
Unloading 1837 Unused Serialized files (Serialized files now loaded: 0)
System memory in use before: 90.3 MB.
System memory in use after: 90.3 MB.

Unloading 13 unused Assets to reduce memory usage. Loaded Objects now: 2401.
Total: 2.023300 ms (FindLiveObjects: 0.177900 ms CreateObjectMapping: 0.057800 ms MarkObjects: 1.705700 ms  DeleteObjects: 0.081400 ms)

========================================================================
Received Import Request.
  Time since last request: 577.090711 seconds.
  path: Assets/Scripts/MainMenu.cs
  artifactKey: Guid(8f382950e00169147a67e67539a6da98) Importer(815301076,1909f56bfc062723c751e8b465ee728b)
Start importing Assets/Scripts/MainMenu.cs using Guid(8f382950e00169147a67e67539a6da98) Importer(815301076,1909f56bfc062723c751e8b465ee728b)  -> (artifact id: '0e1b6c8c8767edc6ea2572675c9c1910') in 0.006762 seconds
  Import took 0.009078 seconds .

========================================================================
Received Prepare
Registering precompiled user dll's ...
Registered in 0.000893 seconds.
Begin MonoManager ReloadAssembly
Native extension for WindowsStandalone target not found
Native extension for WebGL target not found
Refreshing native plugins compatible for Editor in 0.37 ms, found 1 plugins.
Preloading 0 native plugins for Editor in 0.00 ms.
Mono: successfully reloaded assembly
- Completed reload, in  0.572 seconds
Platform modules already initialized, skipping
Refreshing native plugins compatible for Editor in 0.35 ms, found 1 plugins.
Preloading 0 native plugins for Editor in 0.00 ms.
Unloading 1838 Unused Serialized files (Serialized files now loaded: 0)
System memory in use before: 90.4 MB.
System memory in use after: 90.3 MB.

Unloading 13 unused Assets to reduce memory usage. Loaded Objects now: 2406.
Total: 1.730600 ms (FindLiveObjects: 0.174800 ms CreateObjectMapping: 0.052000 ms MarkObjects: 1.424600 ms  DeleteObjects: 0.078600 ms)

========================================================================
Received Prepare
Registering precompiled user dll's ...
Registered in 0.000988 seconds.
Begin MonoManager ReloadAssembly
Native extension for WindowsStandalone target not found
Native extension for WebGL target not found
Refreshing native plugins compatible for Editor in 0.37 ms, found 1 plugins.
Preloading 0 native plugins for Editor in 0.00 ms.
Mono: successfully reloaded assembly
- Completed reload, in  0.545 seconds
Platform modules already initialized, skipping
Refreshing native plugins compatible for Editor in 0.34 ms, found 1 plugins.
Preloading 0 native plugins for Editor in 0.00 ms.
Unloading 1838 Unused Serialized files (Serialized files now loaded: 0)
System memory in use before: 90.4 MB.
System memory in use after: 90.4 MB.

Unloading 13 unused Assets to reduce memory usage. Loaded Objects now: 2410.
Total: 1.917700 ms (FindLiveObjects: 0.187900 ms CreateObjectMapping: 0.046100 ms MarkObjects: 1.610800 ms  DeleteObjects: 0.072100 ms)

========================================================================
Received Import Request.
  Time since last request: 123.590782 seconds.
  path: Assets/Scripts/MainMenu.cs
  artifactKey: Guid(8f382950e00169147a67e67539a6da98) Importer(815301076,1909f56bfc062723c751e8b465ee728b)
Start importing Assets/Scripts/MainMenu.cs using Guid(8f382950e00169147a67e67539a6da98) Importer(815301076,1909f56bfc062723c751e8b465ee728b)  -> (artifact id: 'b39ea60650c4fab2bd36aac6204a15de') in 0.003765 seconds
  Import took 0.005960 seconds .

========================================================================
Received Prepare
Registering precompiled user dll's ...
Registered in 0.000873 seconds.
Begin MonoManager ReloadAssembly
Native extension for WindowsStandalone target not found
Native extension for WebGL target not found
Refreshing native plugins compatible for Editor in 0.37 ms, found 1 plugins.
Preloading 0 native plugins for Editor in 0.00 ms.
Mono: successfully reloaded assembly
- Completed reload, in  0.553 seconds
Platform modules already initialized, skipping
Refreshing native plugins compatible for Editor in 0.34 ms, found 1 plugins.
Preloading 0 native plugins for Editor in 0.00 ms.
Unloading 1838 Unused Serialized files (Serialized files now loaded: 0)
System memory in use before: 90.4 MB.
System memory in use after: 90.4 MB.

Unloading 13 unused Assets to reduce memory usage. Loaded Objects now: 2414.
Total: 1.800600 ms (FindLiveObjects: 0.176000 ms CreateObjectMapping: 0.058800 ms MarkObjects: 1.491700 ms  DeleteObjects: 0.073000 ms)

AssetImportWorkerClient::OnTransportError - code=2 error=End of file
